172
Q:The Problem is that i am able to run my app when i change to debug mode but it fails when i switch to release mode.

Exception:

FAILURE: Build failed with an exception.


  Execution failed for task ':app:transformClassesWithDexForRelease'.
  com.android.build.api.transform.TransformException: com.android.ide.common.process.ProcessException: java.util.concurrent.ExecutionException: com.android.ide.common.process.ProcessException: org.gradle.process.internal.ExecException: Process 'command '/Library/Java/JavaVirtualMachines/jdk1.8.0_65.jdk/Contents/Home/bin/java'' finished with non-zero exit value 1


When i ran the gradle build command with stacktrace then this is what i get

./gradlew app:transformClassesWithDexForRelease --stacktrace



  com.android.build.api.transform.TransformException: com.android.ide.common.process.ProcessException: java.util.concurrent.ExecutionException: com.android.ide.common.process.ProcessException: org.gradle.process.internal.ExecException: Process 'command '/Library/Java/JavaVirtualMachines/jdk1.8.0_73.jdk/Contents/Home/bin/java'' finished with non-zero exit value 1


Exception is:


  org.gradle.api.tasks.TaskExecutionException: Execution failed for task ':app:transformClassesWithDexForRelease'.
          at org.gradle.api.internal.tasks.execution.ExecuteActionsTaskExecuter.executeActions(ExecuteActionsTaskExecuter.java:69)
          at org.gradle.api.internal.tasks.execution.ExecuteActionsTaskExecuter.execute(ExecuteActionsTaskExecuter.java:46)
          at org.gradle.api.internal.tasks.execution.PostExecutionAnalysisTaskExecuter.execute(PostExecutionAnalysisTaskExecuter.java:35)
          at org.gradle.api.internal.tasks.execution.SkipUpToDateTaskExecuter.execute(SkipUpToDateTaskExecuter.java:64)
          at org.gradle.api.internal.tasks.execution.ValidatingTaskExecuter.execute(ValidatingTaskExecuter.java:58)
          at org.gradle.api.internal.tasks.execution.SkipEmptySourceFilesTaskExecuter.execute(SkipEmptySourceFilesTaskExecuter.java:52)
          at org.gradle.api.internal.tasks.execution.SkipTaskWithNoActionsExecuter.execute(SkipTaskWithNoActionsExecuter.java:52)
          at org.gradle.api.internal.tasks.execution.SkipOnlyIfTaskExecuter.execute(SkipOnlyIfTaskExecuter.java:53)
          at org.gradle.api.internal.tasks.execution.ExecuteAtMostOnceTaskExecuter.execute(ExecuteAtMostOnceTaskExecuter.java:43)
          at org.gradle.execution.taskgraph.DefaultTaskGraphExecuter$EventFiringTaskWorker.execute(DefaultTaskGraphExecuter.java:203)
          at org.gradle.execution.taskgraph.DefaultTaskGraphExecuter$EventFiringTaskWorker.execute(DefaultTaskGraphExecuter.java:185)
          at org.gradle.execution.taskgraph.AbstractTaskPlanExecutor$TaskExecutorWorker.processTask(AbstractTaskPlanExecutor.java:66)
          at org.gradle.execution.taskgraph.AbstractTaskPlanExecutor$TaskExecutorWorker.run(AbstractTaskPlanExecutor.java:50)
          at org.gradle.execution.taskgraph.DefaultTaskPlanExecutor.process(DefaultTaskPlanExecutor.java:25)
          at org.gradle.execution.taskgraph.DefaultTaskGraphExecuter.execute(DefaultTaskGraphExecuter.java:110)
          at org.gradle.execution.SelectedTaskExecutionAction.execute(SelectedTaskExecutionAction.java:37)
          at org.gradle.execution.DefaultBuildExecuter.execute(DefaultBuildExecuter.java:37)
          at org.gradle.execution.DefaultBuildExecuter.access$000(DefaultBuildExecuter.java:23)
          at org.gradle.execution.DefaultBuildExecuter$1.proceed(DefaultBuildExecuter.java:43)
          at org.gradle.execution.DryRunBuildExecutionAction.execute(DryRunBuildExecutionAction.java:32)
          at org.gradle.execution.DefaultBuildExecuter.execute(DefaultBuildExecuter.java:37)
          at org.gradle.execution.DefaultBuildExecuter.execute(DefaultBuildExecuter.java:30)
          at org.gradle.initialization.DefaultGradleLauncher$4.run(DefaultGradleLauncher.java:154)
          at org.gradle.internal.Factories$1.create(Factories.java:22)
          at org.gradle.internal.progress.DefaultBuildOperationExecutor.run(DefaultBuildOperationExecutor.java:90)
          at org.gradle.internal.progress.DefaultBuildOperationExecutor.run(DefaultBuildOperationExecutor.java:52)
          at org.gradle.initialization.DefaultGradleLauncher.doBuildStages(DefaultGradleLauncher.java:151)
          at org.gradle.initialization.DefaultGradleLauncher.access$200(DefaultGradleLauncher.java:32)
          at org.gradle.initialization.DefaultGradleLauncher$1.create(DefaultGradleLauncher.java:99)
          at org.gradle.initialization.DefaultGradleLauncher$1.create(DefaultGradleLauncher.java:93)
          at org.gradle.internal.progress.DefaultBuildOperationExecutor.run(DefaultBuildOperationExecutor.java:90)
          at org.gradle.internal.progress.DefaultBuildOperationExecutor.run(DefaultBuildOperationExecutor.java:62)
          at org.gradle.initialization.DefaultGradleLauncher.doBuild(DefaultGradleLauncher.java:93)
          at org.gradle.initialization.DefaultGradleLauncher.run(DefaultGradleLauncher.java:82)
          at org.gradle.launcher.exec.InProcessBuildActionExecuter$DefaultBuildController.run(InProcessBuildActionExecuter.java:94)
          at org.gradle.tooling.internal.provider.ExecuteBuildActionRunner.run(ExecuteBuildActionRunner.java:28)
          at org.gradle.launcher.exec.ChainingBuildActionRunner.run(ChainingBuildActionRunner.java:35)
          at org.gradle.launcher.exec.InProcessBuildActionExecuter.execute(InProcessBuildActionExecuter.java:43)
          at org.gradle.launcher.exec.InProcessBuildActionExecuter.execute(InProcessBuildActionExecuter.java:28)
          at org.gradle.launcher.exec.ContinuousBuildActionExecuter.execute(ContinuousBuildActionExecuter.java:78)
          at org.gradle.launcher.exec.ContinuousBuildActionExecuter.execute(ContinuousBuildActionExecuter.java:48)
          at org.gradle.launcher.daemon.server.exec.ExecuteBuild.doBuild(ExecuteBuild.java:52)
          at org.gradle.launcher.daemon.server.exec.BuildCommandOnly.execute(BuildCommandOnly.java:36)
          at org.gradle.launcher.daemon.server.api.DaemonCommandExecution.proceed(DaemonCommandExecution.java:120)
          at org.gradle.launcher.daemon.server.exec.WatchForDisconnection.execute(WatchForDisconnection.java:37)
          at org.gradle.launcher.daemon.server.api.DaemonCommandExecution.proceed(DaemonCommandExecution.java:120)
          at org.gradle.launcher.daemon.server.exec.ResetDeprecationLogger.execute(ResetDeprecationLogger.java:26)
          at org.gradle.launcher.daemon.server.api.DaemonCommandExecution.proceed(DaemonCommandExecution.java:120)
          at org.gradle.launcher.daemon.server.exec.RequestStopIfSingleUsedDaemon.execute(RequestStopIfSingleUsedDaemon.java:34)
          at org.gradle.launcher.daemon.server.api.DaemonCommandExecution.proceed(DaemonCommandExecution.java:120)
          at org.gradle.launcher.daemon.server.exec.ForwardClientInput$2.call(ForwardClientInput.java:74)
          at org.gradle.launcher.daemon.server.exec.ForwardClientInput$2.call(ForwardClientInput.java:72)
          at org.gradle.util.Swapper.swap(Swapper.java:38)
          at org.gradle.launcher.daemon.server.exec.ForwardClientInput.execute(ForwardClientInput.java:72)
          at org.gradle.launcher.daemon.server.api.DaemonCommandExecution.proceed(DaemonCommandExecution.java:120)
          at org.gradle.launcher.daemon.server.health.DaemonHealthTracker.execute(DaemonHealthTracker.java:47)
          at org.gradle.launcher.daemon.server.api.DaemonCommandExecution.proceed(DaemonCommandExecution.java:120)
          at org.gradle.launcher.daemon.server.exec.LogToClient.doBuild(LogToClient.java:66)
          at org.gradle.launcher.daemon.server.exec.BuildCommandOnly.execute(BuildCommandOnly.java:36)
          at org.gradle.launcher.daemon.server.api.DaemonCommandExecution.proceed(DaemonCommandExecution.java:120)
          at org.gradle.launcher.daemon.server.exec.EstablishBuildEnvironment.doBuild(EstablishBuildEnvironment.java:72)
          at org.gradle.launcher.daemon.server.exec.BuildCommandOnly.execute(BuildCommandOnly.java:36)
          at org.gradle.launcher.daemon.server.api.DaemonCommandExecution.proceed(DaemonCommandExecution.java:120)
          at org.gradle.launcher.daemon.server.health.HintGCAfterBuild.execute(HintGCAfterBuild.java:41)
          at org.gradle.launcher.daemon.server.api.DaemonCommandExecution.proceed(DaemonCommandExecution.java:120)
          at org.gradle.launcher.daemon.server.exec.StartBuildOrRespondWithBusy$1.run(StartBuildOrRespondWithBusy.java:50)
          at org.gradle.launcher.daemon.server.DaemonStateCoordinator$1.run(DaemonStateCoordinator.java:246)
          at org.gradle.internal.concurrent.ExecutorPolicy$CatchAndRecordFailures.onExecute(ExecutorPolicy.java:54)
          at org.gradle.internal.concurrent.StoppableExecutorImpl$1.run(StoppableExecutorImpl.java:40)
  Caused by: java.lang.RuntimeException: com.android.build.api.transform.TransformException: com.android.ide.common.process.ProcessException: java.util.concurrent.ExecutionException: com.android.ide.common.process.ProcessException: org.gradle.process.internal.ExecException: Process 'command '/Library/Java/JavaVirtualMachines/jdk1.8.0_73.jdk/Contents/Home/bin/java'' finished with non-zero exit value 1
          at com.android.builder.profile.Recorder$Block.handleException(Recorder.java:54)
          at com.android.builder.profile.ThreadRecorder$1.record(ThreadRecorder.java:57)
          at com.android.builder.profile.ThreadRecorder$1.record(ThreadRecorder.java:47)
          at com.android.build.gradle.internal.pipeline.TransformTask.transform(TransformTask.java:173)
          at org.gradle.internal.reflect.JavaMethod.invoke(JavaMethod.java:75)
          at org.gradle.api.internal.project.taskfactory.AnnotationProcessingTaskFactory$IncrementalTaskAction.doExecute(AnnotationProcessingTaskFactory.java:244)
          at org.gradle.api.internal.project.taskfactory.AnnotationProcessingTaskFactory$StandardTaskAction.execute(AnnotationProcessingTaskFactory.java:220)
          at org.gradle.api.internal.project.taskfactory.AnnotationProcessingTaskFactory$IncrementalTaskAction.execute(AnnotationProcessingTaskFactory.java:231)
          at org.gradle.api.internal.project.taskfactory.AnnotationProcessingTaskFactory$StandardTaskAction.execute(AnnotationProcessingTaskFactory.java:209)
          at org.gradle.api.internal.tasks.execution.ExecuteActionsTaskExecuter.executeAction(ExecuteActionsTaskExecuter.java:80)
          at org.gradle.api.internal.tasks.execution.ExecuteActionsTaskExecuter.executeActions(ExecuteActionsTaskExecuter.java:61)
          ... 68 more
  Caused by: com.android.build.api.transform.TransformException: com.android.ide.common.process.ProcessException: java.util.concurrent.ExecutionException: com.android.ide.common.process.ProcessException: org.gradle.process.internal.ExecException: Process 'command '/Library/Java/JavaVirtualMachines/jdk1.8.0_73.jdk/Contents/Home/bin/java'' finished with non-zero exit value 1
          at com.android.build.gradle.internal.transforms.DexTransform.transform(DexTransform.java:422)
          at com.android.build.gradle.internal.pipeline.TransformTask$3.call(TransformTask.java:178)
          at com.android.build.gradle.internal.pipeline.TransformTask$3.call(TransformTask.java:174)
          at com.android.builder.profile.ThreadRecorder$1.record(ThreadRecorder.java:55)
          ... 77 more
  Caused by: com.android.ide.common.process.ProcessException: java.util.concurrent.ExecutionException: com.android.ide.common.process.ProcessException: org.gradle.process.internal.ExecException: Process 'command '/Library/Java/JavaVirtualMachines/jdk1.8.0_73.jdk/Contents/Home/bin/java'' finished with non-zero exit value 1
          at com.android.builder.core.AndroidBuilder.runDexer(AndroidBuilder.java:1472)
          at com.android.builder.core.AndroidBuilder.convertByteCode(AndroidBuilder.java:1389)
          at com.android.build.gradle.internal.transforms.DexTransform.transform(DexTransform.java:250)
          ... 80 more
  Caused by: java.util.concurrent.ExecutionException: com.android.ide.common.process.ProcessException: org.gradle.process.internal.ExecException: Process 'command '/Library/Java/JavaVirtualMachines/jdk1.8.0_73.jdk/Contents/Home/bin/java'' finished with non-zero exit value 1
          at com.android.builder.core.AndroidBuilder.runDexer(AndroidBuilder.java:1456)
          ... 82 more
  Caused by: com.android.ide.common.process.ProcessException: org.gradle.process.internal.ExecException: Process 'command '/Library/Java/JavaVirtualMachines/jdk1.8.0_73.jdk/Contents/Home/bin/java'' finished with non-zero exit value 1
          at com.android.build.gradle.internal.process.GradleProcessResult.assertNormalExitValue(GradleProcessResult.java:43)
          at com.android.builder.core.AndroidBuilder$2.call(AndroidBuilder.java:1464)
          at com.android.builder.core.AndroidBuilder$2.call(AndroidBuilder.java:1456)
  Caused by: org.gradle.process.internal.ExecException: Process 'command '/Library/Java/JavaVirtualMachines/jdk1.8.0_73.jdk/Contents/Home/bin/java'' finished with non-zero exit value 1
          at org.gradle.process.internal.DefaultExecHandle$ExecResultImpl.assertNormalExitValue(DefaultExecHandle.java:367)
          at com.android.build.gradle.internal.process.GradleProcessResult.assertNormalExitValue(GradleProcessResult.java:41)
          ... 2 more


I am using 


Android Studio 2.0 Beta 6
Java version: Java(TM) SE Runtime Environment (build 1.8.0_73-b02) 
Gradle Version: com.android.tools.build:gradle:2.0.0-beta6   
And i have Multidex enabled


My build.gradle file

apply plugin: 'com.android.application'
apply plugin: 'com.getkeepsafe.dexcount'

android {

    def VERSION_CODE = 52
    def VERSION_NAME = "1.0"
    compileSdkVersion 23
    buildToolsVersion '23.0.2'

    defaultConfig {
        applicationId "com.example.app"
        manifestPlaceholders = [appName: "Personal App"]
        minSdkVersion 14
        targetSdkVersion 23
        renderscriptTargetApi 19
        renderscriptSupportModeEnabled true
        versionCode VERSION_CODE
        versionName VERSION_NAME

        // Enabling multidex support.
        multiDexEnabled true
    }

    compileOptions {
        sourceCompatibility JavaVersion.VERSION_1_7
        targetCompatibility JavaVersion.VERSION_1_7
        encoding = 'UTF-8'
    }

    signingConfigs {
        livekeystore {
            storeFile file('../key.jks')
            keyAlias 'livekeystore'
            keyPassword '123asd'
            storePassword '123asd'
        }
    }


    buildTypes {
        release {
            minifyEnabled true
            shrinkResources true
            zipAlignEnabled true
            proguardFiles getDefaultProguardFile('proguard-android.txt'), 'proguard-rules.txt'
            signingConfig signingConfigs.burgerking

            manifestPlaceholders = [googleMapsKey: "@string/release_google_map_key", appNameSuffix: ""]
        }

        debug {
            applicationIdSuffix '.dev'
            debuggable true
            minifyEnabled false
            shrinkResources false
            zipAlignEnabled false

            manifestPlaceholders = [googleMapsKey: "@string/debug_google_map_key", appNameSuffix: ' (Dev-' + VERSION_CODE + ')']

        }
    }

    dexOptions {
        incremental true
        javaMaxHeapSize "4g" // 2g should be also OK
    }

    useLibrary 'org.apache.http.legacy'

}

repositories {
    maven { url 'https://mint.splunk.com/gradle/' }
    maven { url "http://dl.bintray.com/populov/maven" }
    mavenCentral()
}

buildscript {
    repositories {
        mavenCentral()
    }

    dependencies {
        classpath 'com.getkeepsafe.dexcount:dexcount-gradle-plugin:0.4.2'
        classpath 'com.newrelic.agent.android:agent-gradle-plugin:4.244.0'
    }
}


dependencies {
    compile 'com.google.code.gson:gson:2.4'
    compile 'com.android.support:appcompat-v7:23.2.0'
    compile 'com.android.support:recyclerview-v7:23.2.0'
    compile 'com.android.support:cardview-v7:23.2.0'
    compile 'com.android.support:design:23.2.0'
    compile 'com.android.support:multidex:1.0.1'
    compile 'com.google.android.gms:play-services-base:8.4.0'
    compile 'com.google.android.gms:play-services-location:8.4.0'
    compile 'com.google.android.gms:play-services-analytics:8.4.0'
    compile 'com.google.android.gms:play-services-maps:8.4.0'
    compile 'com.google.android.gms:play-services-ads:8.4.0'
    compile 'com.googlecode.libphonenumber:libphonenumber:7.0.5'
    compile 'com.facebook.android:facebook-android-sdk:4.1.1'
    compile 'de.greenrobot:eventbus:2.4.0'
    compile 'com.viewpagerindicator:library:2.4.1@aar'
    compile 'com.nineoldandroids:library:2.4.0'
    compile 'com.squareup.picasso:picasso:2.5.2'
    compile 'com.squareup:pollexor:2.0.2'
    compile 'com.makeramen:roundedimageview:2.1.0'
    compile 'com.mcxiaoke.volley:library:1.0.16@aar'
    compile files('libs/now-auth-api.jar')
    compile 'com.jakewharton:butterknife:5.1.2'
    compile 'com.github.ksoichiro:android-observablescrollview:1.2.0'
    compile 'io.card:android-sdk:5.3.0'
    compile 'com.appboy:android-sdk-ui:1.10.3'
    testCompile 'junit:junit:4.11'
    testCompile('org.mockito:mockito-core:1.9.5') {
        exclude group: 'org.hamcrest'
    }
    testCompile('org.powermock:powermock-module-junit4:1.5') {
        exclude group: 'org.hamcrest'
    }
    testCompile('org.powermock:powermock-api-mockito:1.6.2') {
        exclude group: 'org.hamcrest'
    }

    compile 'me.grantland:autofittextview:0.2.1'

}


It seems i am able to get my release build working if i remove minifyEnabled true from it. Why is that, is there another way to solve it
    
===============================================================================================
175
A:i fixed it just this code. 

local.properties

org.gradle.jvmargs=-XX\\:MaxHeapSize\\=512m -Xmx512m


and you should do this changing on gradle 

defaultConfig {
    applicationId "yourProjectPackage"
    minSdkVersion 15
    versionCode 1
    versionName "1.0"
    targetSdkVersion 23

    multiDexEnabled true //important
}

    